<?xml version="1.0" encoding="UTF-8"?>
<!-- Generated by org.testng.reporters.JUnitReportReporter -->
<testsuite hostname="DESKTOP-5NTS3GH" failures="0" tests="1" name="com.eCom.testcases.TC_Admintest_003" time="16.813" errors="0" timestamp="2021-08-15T20:54:46 IST" skipped="0">
  <testcase classname="com.eCom.testcases.TC_Admintest_003" name="verifychkbox" time="16.813"/>
  <system-out/>
</testsuite> <!-- com.eCom.testcases.TC_Admintest_003 -->
