<?xml version="1.0" encoding="UTF-8"?>
<!-- Generated by org.testng.reporters.JUnitReportReporter -->
<testsuite hostname="DESKTOP-5NTS3GH" failures="0" tests="2" name="com.eCom.testcases.TC_LoginTest_001" time="27.676" errors="0" timestamp="2021-08-13T22:01:37 IST" skipped="0">
  <testcase classname="com.eCom.testcases.TC_LoginTest_001" name="logodisplay" time="9.897"/>
  <system-out/>
  <testcase classname="com.eCom.testcases.TC_LoginTest_001" name="logintest" time="17.779"/>
  <system-out/>
</testsuite> <!-- com.eCom.testcases.TC_LoginTest_001 -->
